<?xml version="1.0" encoding="UTF-8" ?>
<testsuite failures="0" time="189.765" errors="1" skipped="0" tests="5" name="com.bmc.util.os.WindowsOperatingSystemHelperJunitTest">
  <properties>
    <property name="java.runtime.name" value="Java(TM) SE Runtime Environment"/>
    <property name="sun.boot.library.path" value="C:\Program Files (x86)\jdk1.7\jre\bin"/>
    <property name="java.vm.version" value="23.21-b01"/>
    <property name="java.vm.vendor" value="Oracle Corporation"/>
    <property name="maven.multiModuleProjectDirectory" value="C:\Users\hemsingh\Perforce\PORTAL\PATCH_INSTALLER"/>
    <property name="java.vendor.url" value="http://java.oracle.com/"/>
    <property name="path.separator" value=";"/>
    <property name="guice.disable.misplaced.annotation.check" value="true"/>
    <property name="java.vm.name" value="Java HotSpot(TM) Client VM"/>
    <property name="file.encoding.pkg" value="sun.io"/>
    <property name="user.script" value=""/>
    <property name="user.country" value="IN"/>
    <property name="sun.java.launcher" value="SUN_STANDARD"/>
    <property name="sun.os.patch.level" value=""/>
    <property name="java.vm.specification.name" value="Java Virtual Machine Specification"/>
    <property name="user.dir" value="C:\Users\hemsingh\Perforce\PORTAL\PATCH_INSTALLER"/>
    <property name="java.runtime.version" value="1.7.0_21-b11"/>
    <property name="java.awt.graphicsenv" value="sun.awt.Win32GraphicsEnvironment"/>
    <property name="java.endorsed.dirs" value="C:\Program Files (x86)\jdk1.7\jre\lib\endorsed"/>
    <property name="os.arch" value="x86"/>
    <property name="java.io.tmpdir" value="C:\Users\hemsingh\AppData\Local\Temp\"/>
    <property name="line.separator" value="
"/>
    <property name="java.vm.specification.vendor" value="Oracle Corporation"/>
    <property name="user.variant" value=""/>
    <property name="os.name" value="Windows 8"/>
    <property name="classworlds.conf" value="C:\maven\apache-maven-3.3.9-bin\apache-maven-3.3.9\bin\..\bin\m2.conf"/>
    <property name="sun.jnu.encoding" value="Cp1252"/>
    <property name="java.library.path" value="C:\Program Files (x86)\jdk1.7\bin;C:\windows\Sun\Java\bin;C:\windows\system32;C:\windows;C:\maven\apache-maven-3.3.9-bin\apache-maven-3.3.9\bin;C:\Program Files (x86)\Apache Software Foundation\Maven 1.0.2\bin;C:\Program Files (x86)\jdk1.7\bin;C:\windows\system32;C:\windows;C:\windows\System32\Wbem;C:\windows\System32\WindowsPowerShell\v1.0\;C:\Program Files\Perforce;C:\Program Files\McAfee\Solidcore\Tools\GatherInfo;C:\Program Files\McAfee\Solidcore\Tools\Scanalyzer;C:\Program Files\McAfee\Solidcore\;C:\Program Files\McAfee\Solidcore\Tools\ScGetCerts;C:\Program Files\Code Collaborator Client;C:\Strawberry\c\bin;C:\Strawberry\perl\site\bin;C:\Strawberry\perl\bin;C:\Program Files (x86)\Skype\Phone\;;C:\BMCSoftware\CI\common\globalc\bin\Windows-x86;C:\BMCSoftware\CI\common\globalc\bin\Windows-x86-64;C:\BMCSoftware\CI\common\bmc\bin\Windows-x86-64;C:\Program Files\Perforce\Server;."/>
    <property name="java.specification.name" value="Java Platform API Specification"/>
    <property name="java.class.version" value="51.0"/>
    <property name="sun.management.compiler" value="HotSpot Client Compiler"/>
    <property name="os.version" value="6.2"/>
    <property name="user.home" value="C:\Users\hemsingh"/>
    <property name="user.timezone" value="Asia/Calcutta"/>
    <property name="java.awt.printerjob" value="sun.awt.windows.WPrinterJob"/>
    <property name="java.specification.version" value="1.7"/>
    <property name="file.encoding" value="Cp1252"/>
    <property name="user.name" value="hemsingh"/>
    <property name="java.class.path" value="C:\maven\apache-maven-3.3.9-bin\apache-maven-3.3.9\bin\..\boot\plexus-classworlds-2.5.2.jar"/>
    <property name="java.vm.specification.version" value="1.7"/>
    <property name="sun.arch.data.model" value="32"/>
    <property name="java.home" value="C:\Program Files (x86)\jdk1.7\jre"/>
    <property name="sun.java.command" value="org.codehaus.plexus.classworlds.launcher.Launcher package"/>
    <property name="java.specification.vendor" value="Oracle Corporation"/>
    <property name="user.language" value="en"/>
    <property name="awt.toolkit" value="sun.awt.windows.WToolkit"/>
    <property name="java.vm.info" value="mixed mode"/>
    <property name="java.version" value="1.7.0_21"/>
    <property name="java.ext.dirs" value="C:\Program Files (x86)\jdk1.7\jre\lib\ext;C:\windows\Sun\Java\lib\ext"/>
    <property name="sun.boot.class.path" value="C:\Program Files (x86)\jdk1.7\jre\lib\resources.jar;C:\Program Files (x86)\jdk1.7\jre\lib\rt.jar;C:\Program Files (x86)\jdk1.7\jre\lib\sunrsasign.jar;C:\Program Files (x86)\jdk1.7\jre\lib\jsse.jar;C:\Program Files (x86)\jdk1.7\jre\lib\jce.jar;C:\Program Files (x86)\jdk1.7\jre\lib\charsets.jar;C:\Program Files (x86)\jdk1.7\jre\lib\jfr.jar;C:\Program Files (x86)\jdk1.7\jre\classes"/>
    <property name="java.vendor" value="Oracle Corporation"/>
    <property name="maven.home" value="C:\maven\apache-maven-3.3.9-bin\apache-maven-3.3.9\bin\.."/>
    <property name="file.separator" value="\"/>
    <property name="java.vendor.url.bug" value="http://bugreport.sun.com/bugreport/"/>
    <property name="sun.cpu.endian" value="little"/>
    <property name="sun.io.unicode.encoding" value="UnicodeLittle"/>
    <property name="sun.desktop" value="windows"/>
    <property name="sun.cpu.isalist" value="pentium_pro+mmx pentium_pro pentium+mmx pentium i486 i386 i86"/>
  </properties>
  <testcase time="0.17" classname="com.bmc.util.os.WindowsOperatingSystemHelperJunitTest" name="testWindowsCommand"/>
  <testcase time="184.95" classname="com.bmc.util.os.WindowsOperatingSystemHelperJunitTest" name="testServiceStop">
    <error message=" Service Spooler can not be started" type="java.lang.Exception">java.lang.Exception:  Service Spooler can not be started
	at com.bmc.util.os.WindowsOperatingSystemHelperJunitTest.testServiceStop(WindowsOperatingSystemHelperJunitTest.java:101)
	at sun.reflect.NativeMethodAccessorImpl.invoke0(Native Method)
	at sun.reflect.NativeMethodAccessorImpl.invoke(NativeMethodAccessorImpl.java:57)
	at sun.reflect.DelegatingMethodAccessorImpl.invoke(DelegatingMethodAccessorImpl.java:43)
	at java.lang.reflect.Method.invoke(Method.java:601)
	at junit.framework.TestCase.runTest(TestCase.java:168)
	at junit.framework.TestCase.runBare(TestCase.java:134)
	at junit.framework.TestResult$1.protect(TestResult.java:110)
	at junit.framework.TestResult.runProtected(TestResult.java:128)
	at junit.framework.TestResult.run(TestResult.java:113)
	at junit.framework.TestCase.run(TestCase.java:124)
	at junit.framework.TestSuite.runTest(TestSuite.java:243)
	at junit.framework.TestSuite.run(TestSuite.java:238)
	at org.junit.internal.runners.JUnit38ClassRunner.run(JUnit38ClassRunner.java:83)
	at org.apache.maven.surefire.junit4.JUnit4Provider.execute(JUnit4Provider.java:252)
	at org.apache.maven.surefire.junit4.JUnit4Provider.executeTestSet(JUnit4Provider.java:141)
	at org.apache.maven.surefire.junit4.JUnit4Provider.invoke(JUnit4Provider.java:112)
	at sun.reflect.NativeMethodAccessorImpl.invoke0(Native Method)
	at sun.reflect.NativeMethodAccessorImpl.invoke(NativeMethodAccessorImpl.java:57)
	at sun.reflect.DelegatingMethodAccessorImpl.invoke(DelegatingMethodAccessorImpl.java:43)
	at java.lang.reflect.Method.invoke(Method.java:601)
	at org.apache.maven.surefire.util.ReflectionUtils.invokeMethodWithArray(ReflectionUtils.java:189)
	at org.apache.maven.surefire.booter.ProviderFactory$ProviderProxy.invoke(ProviderFactory.java:165)
	at org.apache.maven.surefire.booter.ProviderFactory.invokeProvider(ProviderFactory.java:85)
	at org.apache.maven.surefire.booter.ForkedBooter.runSuitesInProcess(ForkedBooter.java:115)
	at org.apache.maven.surefire.booter.ForkedBooter.main(ForkedBooter.java:75)
</error>
    <system-out>&lt;O,10/17/16 14:27:43 IST,[main]&gt;[INFO ,WindowsOperatingSystemHelper,setUp]  service_start_name =Spooler
&lt;O,10/17/16 14:27:43 IST,[main]&gt;[INFO ,WindowsOperatingSystemHelper,setUp]  service_stop_name =Spooler
&lt;O,10/17/16 14:27:43 IST,[main]&gt;[INFO ,WindowsOperatingSystemHelper,setUp]  task_kill_name =Spooler
&lt;O,10/17/16 14:27:43 IST,[main]&gt;[INFO ,WindowsOperatingSystemHelper,setUp]  task_kill_filter =SERVICES eq Spooler
&lt;O,10/17/16 14:27:43 IST,[main]&gt;[INFO ,WindowsOperatingSystemHelper,setUp]  windows_command =dir
&lt;O,10/17/16 14:27:43 IST,[main]&gt;[INFO ,WindowsOperatingSystemHelper,setUp]  windows_batch_command =tests//junit_windows.bat
&lt;O,10/17/16 14:27:43 IST,[main]&gt;[INFO ,WindowsOperatingSystemHelper,stopService] os.windows.stop.service.timeout.seconds for Windows OS is180
&lt;O,10/17/16 14:27:43 IST,[main]&gt;[INFO ,WindowsOperatingSystemHelper,setSCPATH] Found the env systemroot C:\windows\system32\
&lt;O,10/17/16 14:27:43 IST,[main]&gt;[INFO ,WindowsOperatingSystemHelper,stopService] Stopping the service Spooler attempt  1
&lt;O,10/17/16 14:27:43 IST,[main]&gt;[INFO ,WindowsOperatingSystemHelper,stopService] Stopping the service .Spooler 
&lt;O,10/17/16 14:27:43 IST,[main]&gt;[INFO ,GenericOperatingSystemHelper,executeCommands] Generic command sent to Operating system Executing [cmd.exe, /c, sc, stop, Spooler]
&lt;G,10/17/16 14:27:43 IST,[main]&gt;[DEBUG,WindowsOperatingSystemHelper,stopService] Executing the command [cmd.exe, /c, sc, query, Spooler]
&lt;O,10/17/16 14:27:43 IST,[main]&gt;[INFO ,GenericOperatingSystemHelper,executeCommands] Generic command sent to Operating system Executing [cmd.exe, /c, sc, query, Spooler]
&lt;G,10/17/16 14:27:43 IST,[main]&gt;[DEBUG,WindowsOperatingSystemHelper,stopService] Executed the command [cmd.exe, /c, sc, query, Spooler]
&lt;G,10/17/16 14:27:43 IST,[main]&gt;[DEBUG,WindowsOperatingSystemHelper,getProcessStatus] Line :         STATE              : 4  RUNNING 
&lt;G,10/17/16 14:27:43 IST,[main]&gt;[DEBUG,WindowsOperatingSystemHelper,getProcessStatus] STATE : 4
&lt;O,10/17/16 14:27:43 IST,[main]&gt;[INFO ,WindowsOperatingSystemHelper,stopService] Service Spooler not stopped waiting for 18000 milliseconds..
&lt;O,10/17/16 14:28:01 IST,[main]&gt;[INFO ,WindowsOperatingSystemHelper,stopService] Stopping the service Spooler attempt  2
&lt;O,10/17/16 14:28:01 IST,[main]&gt;[INFO ,WindowsOperatingSystemHelper,stopService] Stopping the service .Spooler 
&lt;O,10/17/16 14:28:01 IST,[main]&gt;[INFO ,GenericOperatingSystemHelper,executeCommands] Generic command sent to Operating system Executing [cmd.exe, /c, sc, stop, Spooler]
&lt;G,10/17/16 14:28:02 IST,[main]&gt;[DEBUG,WindowsOperatingSystemHelper,stopService] Executing the command [cmd.exe, /c, sc, query, Spooler]
&lt;O,10/17/16 14:28:02 IST,[main]&gt;[INFO ,GenericOperatingSystemHelper,executeCommands] Generic command sent to Operating system Executing [cmd.exe, /c, sc, query, Spooler]
&lt;G,10/17/16 14:28:02 IST,[main]&gt;[DEBUG,WindowsOperatingSystemHelper,stopService] Executed the command [cmd.exe, /c, sc, query, Spooler]
&lt;G,10/17/16 14:28:02 IST,[main]&gt;[DEBUG,WindowsOperatingSystemHelper,getProcessStatus] Line :         STATE              : 4  RUNNING 
&lt;G,10/17/16 14:28:02 IST,[main]&gt;[DEBUG,WindowsOperatingSystemHelper,getProcessStatus] STATE : 4
&lt;O,10/17/16 14:28:02 IST,[main]&gt;[INFO ,WindowsOperatingSystemHelper,stopService] Service Spooler not stopped waiting for 18000 milliseconds..
&lt;O,10/17/16 14:28:20 IST,[main]&gt;[INFO ,WindowsOperatingSystemHelper,stopService] Stopping the service Spooler attempt  3
&lt;O,10/17/16 14:28:20 IST,[main]&gt;[INFO ,WindowsOperatingSystemHelper,stopService] Stopping the service .Spooler 
&lt;O,10/17/16 14:28:20 IST,[main]&gt;[INFO ,GenericOperatingSystemHelper,executeCommands] Generic command sent to Operating system Executing [cmd.exe, /c, sc, stop, Spooler]
&lt;G,10/17/16 14:28:20 IST,[main]&gt;[DEBUG,WindowsOperatingSystemHelper,stopService] Executing the command [cmd.exe, /c, sc, query, Spooler]
&lt;O,10/17/16 14:28:20 IST,[main]&gt;[INFO ,GenericOperatingSystemHelper,executeCommands] Generic command sent to Operating system Executing [cmd.exe, /c, sc, query, Spooler]
&lt;G,10/17/16 14:28:20 IST,[main]&gt;[DEBUG,WindowsOperatingSystemHelper,stopService] Executed the command [cmd.exe, /c, sc, query, Spooler]
&lt;G,10/17/16 14:28:20 IST,[main]&gt;[DEBUG,WindowsOperatingSystemHelper,getProcessStatus] Line :         STATE              : 4  RUNNING 
&lt;G,10/17/16 14:28:20 IST,[main]&gt;[DEBUG,WindowsOperatingSystemHelper,getProcessStatus] STATE : 4
&lt;O,10/17/16 14:28:20 IST,[main]&gt;[INFO ,WindowsOperatingSystemHelper,stopService] Service Spooler not stopped waiting for 18000 milliseconds..
&lt;O,10/17/16 14:28:38 IST,[main]&gt;[INFO ,WindowsOperatingSystemHelper,stopService] Stopping the service Spooler attempt  4
&lt;O,10/17/16 14:28:38 IST,[main]&gt;[INFO ,WindowsOperatingSystemHelper,stopService] Stopping the service .Spooler 
&lt;O,10/17/16 14:28:38 IST,[main]&gt;[INFO ,GenericOperatingSystemHelper,executeCommands] Generic command sent to Operating system Executing [cmd.exe, /c, sc, stop, Spooler]
&lt;G,10/17/16 14:28:38 IST,[main]&gt;[DEBUG,WindowsOperatingSystemHelper,stopService] Executing the command [cmd.exe, /c, sc, query, Spooler]
&lt;O,10/17/16 14:28:38 IST,[main]&gt;[INFO ,GenericOperatingSystemHelper,executeCommands] Generic command sent to Operating system Executing [cmd.exe, /c, sc, query, Spooler]
&lt;G,10/17/16 14:28:38 IST,[main]&gt;[DEBUG,WindowsOperatingSystemHelper,stopService] Executed the command [cmd.exe, /c, sc, query, Spooler]
&lt;G,10/17/16 14:28:38 IST,[main]&gt;[DEBUG,WindowsOperatingSystemHelper,getProcessStatus] Line :         STATE              : 4  RUNNING 
&lt;G,10/17/16 14:28:38 IST,[main]&gt;[DEBUG,WindowsOperatingSystemHelper,getProcessStatus] STATE : 4
&lt;O,10/17/16 14:28:38 IST,[main]&gt;[INFO ,WindowsOperatingSystemHelper,stopService] Service Spooler not stopped waiting for 18000 milliseconds..
&lt;O,10/17/16 14:28:56 IST,[main]&gt;[INFO ,WindowsOperatingSystemHelper,stopService] Stopping the service Spooler attempt  5
&lt;O,10/17/16 14:28:56 IST,[main]&gt;[INFO ,WindowsOperatingSystemHelper,stopService] Stopping the service .Spooler 
&lt;O,10/17/16 14:28:56 IST,[main]&gt;[INFO ,GenericOperatingSystemHelper,executeCommands] Generic command sent to Operating system Executing [cmd.exe, /c, sc, stop, Spooler]
&lt;G,10/17/16 14:28:56 IST,[main]&gt;[DEBUG,WindowsOperatingSystemHelper,stopService] Executing the command [cmd.exe, /c, sc, query, Spooler]
&lt;O,10/17/16 14:28:56 IST,[main]&gt;[INFO ,GenericOperatingSystemHelper,executeCommands] Generic command sent to Operating system Executing [cmd.exe, /c, sc, query, Spooler]
&lt;G,10/17/16 14:28:56 IST,[main]&gt;[DEBUG,WindowsOperatingSystemHelper,stopService] Executed the command [cmd.exe, /c, sc, query, Spooler]
&lt;G,10/17/16 14:28:57 IST,[main]&gt;[DEBUG,WindowsOperatingSystemHelper,getProcessStatus] Line :         STATE              : 4  RUNNING 
&lt;G,10/17/16 14:28:57 IST,[main]&gt;[DEBUG,WindowsOperatingSystemHelper,getProcessStatus] STATE : 4
&lt;O,10/17/16 14:28:57 IST,[main]&gt;[INFO ,WindowsOperatingSystemHelper,stopService] Service Spooler not stopped waiting for 18000 milliseconds..
&lt;O,10/17/16 14:29:15 IST,[main]&gt;[INFO ,WindowsOperatingSystemHelper,stopService] Stopping the service Spooler attempt  6
&lt;O,10/17/16 14:29:15 IST,[main]&gt;[INFO ,WindowsOperatingSystemHelper,stopService] Stopping the service .Spooler 
&lt;O,10/17/16 14:29:15 IST,[main]&gt;[INFO ,GenericOperatingSystemHelper,executeCommands] Generic command sent to Operating system Executing [cmd.exe, /c, sc, stop, Spooler]
&lt;G,10/17/16 14:29:15 IST,[main]&gt;[DEBUG,WindowsOperatingSystemHelper,stopService] Executing the command [cmd.exe, /c, sc, query, Spooler]
&lt;O,10/17/16 14:29:15 IST,[main]&gt;[INFO ,GenericOperatingSystemHelper,executeCommands] Generic command sent to Operating system Executing [cmd.exe, /c, sc, query, Spooler]
&lt;G,10/17/16 14:29:15 IST,[main]&gt;[DEBUG,WindowsOperatingSystemHelper,stopService] Executed the command [cmd.exe, /c, sc, query, Spooler]
&lt;G,10/17/16 14:29:15 IST,[main]&gt;[DEBUG,WindowsOperatingSystemHelper,getProcessStatus] Line :         STATE              : 4  RUNNING 
&lt;G,10/17/16 14:29:15 IST,[main]&gt;[DEBUG,WindowsOperatingSystemHelper,getProcessStatus] STATE : 4
&lt;O,10/17/16 14:29:15 IST,[main]&gt;[INFO ,WindowsOperatingSystemHelper,stopService] Service Spooler not stopped waiting for 18000 milliseconds..
&lt;O,10/17/16 14:29:33 IST,[main]&gt;[INFO ,WindowsOperatingSystemHelper,stopService] Stopping the service Spooler attempt  7
&lt;O,10/17/16 14:29:33 IST,[main]&gt;[INFO ,WindowsOperatingSystemHelper,stopService] Stopping the service .Spooler 
&lt;O,10/17/16 14:29:33 IST,[main]&gt;[INFO ,GenericOperatingSystemHelper,executeCommands] Generic command sent to Operating system Executing [cmd.exe, /c, sc, stop, Spooler]
&lt;G,10/17/16 14:29:33 IST,[main]&gt;[DEBUG,WindowsOperatingSystemHelper,stopService] Executing the command [cmd.exe, /c, sc, query, Spooler]
&lt;O,10/17/16 14:29:33 IST,[main]&gt;[INFO ,GenericOperatingSystemHelper,executeCommands] Generic command sent to Operating system Executing [cmd.exe, /c, sc, query, Spooler]
&lt;G,10/17/16 14:29:33 IST,[main]&gt;[DEBUG,WindowsOperatingSystemHelper,stopService] Executed the command [cmd.exe, /c, sc, query, Spooler]
&lt;G,10/17/16 14:29:33 IST,[main]&gt;[DEBUG,WindowsOperatingSystemHelper,getProcessStatus] Line :         STATE              : 4  RUNNING 
&lt;G,10/17/16 14:29:33 IST,[main]&gt;[DEBUG,WindowsOperatingSystemHelper,getProcessStatus] STATE : 4
&lt;O,10/17/16 14:29:33 IST,[main]&gt;[INFO ,WindowsOperatingSystemHelper,stopService] Service Spooler not stopped waiting for 18000 milliseconds..
&lt;O,10/17/16 14:29:51 IST,[main]&gt;[INFO ,WindowsOperatingSystemHelper,stopService] Stopping the service Spooler attempt  8
&lt;O,10/17/16 14:29:51 IST,[main]&gt;[INFO ,WindowsOperatingSystemHelper,stopService] Stopping the service .Spooler 
&lt;O,10/17/16 14:29:51 IST,[main]&gt;[INFO ,GenericOperatingSystemHelper,executeCommands] Generic command sent to Operating system Executing [cmd.exe, /c, sc, stop, Spooler]
&lt;G,10/17/16 14:29:51 IST,[main]&gt;[DEBUG,WindowsOperatingSystemHelper,stopService] Executing the command [cmd.exe, /c, sc, query, Spooler]
&lt;O,10/17/16 14:29:51 IST,[main]&gt;[INFO ,GenericOperatingSystemHelper,executeCommands] Generic command sent to Operating system Executing [cmd.exe, /c, sc, query, Spooler]
&lt;G,10/17/16 14:29:51 IST,[main]&gt;[DEBUG,WindowsOperatingSystemHelper,stopService] Executed the command [cmd.exe, /c, sc, query, Spooler]
&lt;G,10/17/16 14:29:51 IST,[main]&gt;[DEBUG,WindowsOperatingSystemHelper,getProcessStatus] Line :         STATE              : 4  RUNNING 
&lt;G,10/17/16 14:29:51 IST,[main]&gt;[DEBUG,WindowsOperatingSystemHelper,getProcessStatus] STATE : 4
&lt;O,10/17/16 14:29:51 IST,[main]&gt;[INFO ,WindowsOperatingSystemHelper,stopService] Service Spooler not stopped waiting for 18000 milliseconds..
&lt;O,10/17/16 14:30:09 IST,[main]&gt;[INFO ,WindowsOperatingSystemHelper,stopService] Stopping the service Spooler attempt  9
&lt;O,10/17/16 14:30:09 IST,[main]&gt;[INFO ,WindowsOperatingSystemHelper,stopService] Stopping the service .Spooler 
&lt;O,10/17/16 14:30:09 IST,[main]&gt;[INFO ,GenericOperatingSystemHelper,executeCommands] Generic command sent to Operating system Executing [cmd.exe, /c, sc, stop, Spooler]
&lt;G,10/17/16 14:30:09 IST,[main]&gt;[DEBUG,WindowsOperatingSystemHelper,stopService] Executing the command [cmd.exe, /c, sc, query, Spooler]
&lt;O,10/17/16 14:30:09 IST,[main]&gt;[INFO ,GenericOperatingSystemHelper,executeCommands] Generic command sent to Operating system Executing [cmd.exe, /c, sc, query, Spooler]
&lt;G,10/17/16 14:30:09 IST,[main]&gt;[DEBUG,WindowsOperatingSystemHelper,stopService] Executed the command [cmd.exe, /c, sc, query, Spooler]
&lt;G,10/17/16 14:30:09 IST,[main]&gt;[DEBUG,WindowsOperatingSystemHelper,getProcessStatus] Line :         STATE              : 4  RUNNING 
&lt;G,10/17/16 14:30:09 IST,[main]&gt;[DEBUG,WindowsOperatingSystemHelper,getProcessStatus] STATE : 4
&lt;O,10/17/16 14:30:09 IST,[main]&gt;[INFO ,WindowsOperatingSystemHelper,stopService] Service Spooler not stopped waiting for 18000 milliseconds..
&lt;O,10/17/16 14:30:27 IST,[main]&gt;[INFO ,WindowsOperatingSystemHelper,stopService] Stopping the service Spooler attempt  10
&lt;O,10/17/16 14:30:27 IST,[main]&gt;[INFO ,WindowsOperatingSystemHelper,stopService] Stopping the service .Spooler 
&lt;O,10/17/16 14:30:27 IST,[main]&gt;[INFO ,GenericOperatingSystemHelper,executeCommands] Generic command sent to Operating system Executing [cmd.exe, /c, sc, stop, Spooler]
&lt;G,10/17/16 14:30:27 IST,[main]&gt;[DEBUG,WindowsOperatingSystemHelper,stopService] Executing the command [cmd.exe, /c, sc, query, Spooler]
&lt;O,10/17/16 14:30:27 IST,[main]&gt;[INFO ,GenericOperatingSystemHelper,executeCommands] Generic command sent to Operating system Executing [cmd.exe, /c, sc, query, Spooler]
&lt;G,10/17/16 14:30:27 IST,[main]&gt;[DEBUG,WindowsOperatingSystemHelper,stopService] Executed the command [cmd.exe, /c, sc, query, Spooler]
&lt;G,10/17/16 14:30:28 IST,[main]&gt;[DEBUG,WindowsOperatingSystemHelper,getProcessStatus] Line :         STATE              : 4  RUNNING 
&lt;G,10/17/16 14:30:28 IST,[main]&gt;[DEBUG,WindowsOperatingSystemHelper,getProcessStatus] STATE : 4
&lt;O,10/17/16 14:30:28 IST,[main]&gt;[INFO ,WindowsOperatingSystemHelper,stopService] Service Spooler not stopped waiting for 18000 milliseconds..
&lt;O,10/17/16 14:30:46 IST,[main]&gt;[INFO ,WindowsOperatingSystemHelper,stopService] Stopping the service Spooler attempt  11
&lt;G,10/17/16 14:30:46 IST,[main]&gt;[DEBUG,WindowsOperatingSystemHelper,stopService] Stopping the service attempt  Spooler 11 failed. Exiting..
&lt;O,10/17/16 14:30:46 IST,[main]&gt;[INFO ,GenericOperatingSystemHelper,executeCommands] Generic command sent to Operating system Executing [cmd.exe, /c, sc, query, Spooler]
&lt;G,10/17/16 14:30:46 IST,[main]&gt;[DEBUG,WindowsOperatingSystemHelper,getProcessStatus] Line :         STATE              : 4  RUNNING 
&lt;G,10/17/16 14:30:46 IST,[main]&gt;[DEBUG,WindowsOperatingSystemHelper,getProcessStatus] STATE : 4
&lt;O,10/17/16 14:30:46 IST,[main]&gt;[INFO ,WindowsOperatingSystemHelper,stopService] Not able to execute the sc command [cmd.exe, /c, sc, stop, Spooler]
&lt;O,10/17/16 14:30:46 IST,[main]&gt;[INFO ,WindowsOperatingSystemHelper,stopService] So killing the process.
&lt;O,10/17/16 14:30:46 IST,[main]&gt;[INFO ,WindowsOperatingSystemHelper,killProcess] Stopping  with filter Services eq Spooler
&lt;O,10/17/16 14:30:46 IST,[main]&gt;[INFO ,WindowsOperatingSystemHelper,killProcess] Stopping . Waiting for 2 seconds..[cmd.exe, /c, taskkill, /F, , , /FI, &quot;Services eq Spooler&quot;]
&lt;O,10/17/16 14:30:48 IST,[main]&gt;[INFO ,GenericOperatingSystemHelper,executeCommands] Generic command sent to Operating system Executing [cmd.exe, /c, sc, query, Spooler]
&lt;G,10/17/16 14:30:48 IST,[main]&gt;[DEBUG,WindowsOperatingSystemHelper,getProcessStatus] Line :         STATE              : 4  RUNNING 
&lt;G,10/17/16 14:30:48 IST,[main]&gt;[DEBUG,WindowsOperatingSystemHelper,getProcessStatus] STATE : 4
&lt;R,10/17/16 14:30:48 IST,[main]&gt;[ERROR,WindowsOperatingSystemHelper,stopService] Could not stop the service Spooler
</system-out>
  </testcase>
  <testcase time="0.196" classname="com.bmc.util.os.WindowsOperatingSystemHelperJunitTest" name="testWindowsBatch"/>
  <testcase time="0.396" classname="com.bmc.util.os.WindowsOperatingSystemHelperJunitTest" name="testServiceStart"/>
  <testcase time="4.053" classname="com.bmc.util.os.WindowsOperatingSystemHelperJunitTest" name="testTaskKill"/>
</testsuite>