<?xml version="1.0" encoding="UTF-8" ?>
<testsuite failures="0" time="1.687" errors="0" skipped="0" tests="8" name="com.bmc.util.io.impl.GenericFileHelperImplJunitTest">
  <properties>
    <property name="java.runtime.name" value="Java(TM) SE Runtime Environment"/>
    <property name="sun.boot.library.path" value="C:\Program Files (x86)\jdk1.7\jre\bin"/>
    <property name="java.vm.version" value="23.21-b01"/>
    <property name="java.vm.vendor" value="Oracle Corporation"/>
    <property name="maven.multiModuleProjectDirectory" value="C:\Users\hemsingh\Perforce\PORTAL\PATCH_INSTALLER"/>
    <property name="java.vendor.url" value="http://java.oracle.com/"/>
    <property name="path.separator" value=";"/>
    <property name="guice.disable.misplaced.annotation.check" value="true"/>
    <property name="java.vm.name" value="Java HotSpot(TM) Client VM"/>
    <property name="file.encoding.pkg" value="sun.io"/>
    <property name="user.script" value=""/>
    <property name="user.country" value="IN"/>
    <property name="sun.java.launcher" value="SUN_STANDARD"/>
    <property name="sun.os.patch.level" value=""/>
    <property name="java.vm.specification.name" value="Java Virtual Machine Specification"/>
    <property name="user.dir" value="C:\Users\hemsingh\Perforce\PORTAL\PATCH_INSTALLER"/>
    <property name="java.runtime.version" value="1.7.0_21-b11"/>
    <property name="java.awt.graphicsenv" value="sun.awt.Win32GraphicsEnvironment"/>
    <property name="java.endorsed.dirs" value="C:\Program Files (x86)\jdk1.7\jre\lib\endorsed"/>
    <property name="os.arch" value="x86"/>
    <property name="java.io.tmpdir" value="C:\Users\hemsingh\AppData\Local\Temp\"/>
    <property name="line.separator" value="
"/>
    <property name="java.vm.specification.vendor" value="Oracle Corporation"/>
    <property name="user.variant" value=""/>
    <property name="os.name" value="Windows 8"/>
    <property name="classworlds.conf" value="C:\maven\apache-maven-3.3.9-bin\apache-maven-3.3.9\bin\..\bin\m2.conf"/>
    <property name="sun.jnu.encoding" value="Cp1252"/>
    <property name="java.library.path" value="C:\Program Files (x86)\jdk1.7\bin;C:\windows\Sun\Java\bin;C:\windows\system32;C:\windows;C:\maven\apache-maven-3.3.9-bin\apache-maven-3.3.9\bin;C:\Program Files (x86)\Apache Software Foundation\Maven 1.0.2\bin;C:\Program Files (x86)\jdk1.7\bin;C:\windows\system32;C:\windows;C:\windows\System32\Wbem;C:\windows\System32\WindowsPowerShell\v1.0\;C:\Program Files\Perforce;C:\Program Files\McAfee\Solidcore\Tools\GatherInfo;C:\Program Files\McAfee\Solidcore\Tools\Scanalyzer;C:\Program Files\McAfee\Solidcore\;C:\Program Files\McAfee\Solidcore\Tools\ScGetCerts;C:\Program Files\Code Collaborator Client;C:\Strawberry\c\bin;C:\Strawberry\perl\site\bin;C:\Strawberry\perl\bin;C:\Program Files (x86)\Skype\Phone\;;C:\BMCSoftware\CI\common\globalc\bin\Windows-x86;C:\BMCSoftware\CI\common\globalc\bin\Windows-x86-64;C:\BMCSoftware\CI\common\bmc\bin\Windows-x86-64;C:\Program Files\Perforce\Server;."/>
    <property name="java.specification.name" value="Java Platform API Specification"/>
    <property name="java.class.version" value="51.0"/>
    <property name="sun.management.compiler" value="HotSpot Client Compiler"/>
    <property name="os.version" value="6.2"/>
    <property name="user.home" value="C:\Users\hemsingh"/>
    <property name="user.timezone" value="Asia/Calcutta"/>
    <property name="java.awt.printerjob" value="sun.awt.windows.WPrinterJob"/>
    <property name="java.specification.version" value="1.7"/>
    <property name="file.encoding" value="Cp1252"/>
    <property name="user.name" value="hemsingh"/>
    <property name="java.class.path" value="C:\maven\apache-maven-3.3.9-bin\apache-maven-3.3.9\bin\..\boot\plexus-classworlds-2.5.2.jar"/>
    <property name="java.vm.specification.version" value="1.7"/>
    <property name="sun.arch.data.model" value="32"/>
    <property name="java.home" value="C:\Program Files (x86)\jdk1.7\jre"/>
    <property name="sun.java.command" value="org.codehaus.plexus.classworlds.launcher.Launcher package"/>
    <property name="java.specification.vendor" value="Oracle Corporation"/>
    <property name="user.language" value="en"/>
    <property name="awt.toolkit" value="sun.awt.windows.WToolkit"/>
    <property name="java.vm.info" value="mixed mode"/>
    <property name="java.version" value="1.7.0_21"/>
    <property name="java.ext.dirs" value="C:\Program Files (x86)\jdk1.7\jre\lib\ext;C:\windows\Sun\Java\lib\ext"/>
    <property name="sun.boot.class.path" value="C:\Program Files (x86)\jdk1.7\jre\lib\resources.jar;C:\Program Files (x86)\jdk1.7\jre\lib\rt.jar;C:\Program Files (x86)\jdk1.7\jre\lib\sunrsasign.jar;C:\Program Files (x86)\jdk1.7\jre\lib\jsse.jar;C:\Program Files (x86)\jdk1.7\jre\lib\jce.jar;C:\Program Files (x86)\jdk1.7\jre\lib\charsets.jar;C:\Program Files (x86)\jdk1.7\jre\lib\jfr.jar;C:\Program Files (x86)\jdk1.7\jre\classes"/>
    <property name="java.vendor" value="Oracle Corporation"/>
    <property name="maven.home" value="C:\maven\apache-maven-3.3.9-bin\apache-maven-3.3.9\bin\.."/>
    <property name="file.separator" value="\"/>
    <property name="java.vendor.url.bug" value="http://bugreport.sun.com/bugreport/"/>
    <property name="sun.cpu.endian" value="little"/>
    <property name="sun.io.unicode.encoding" value="UnicodeLittle"/>
    <property name="sun.desktop" value="windows"/>
    <property name="sun.cpu.isalist" value="pentium_pro+mmx pentium_pro pentium+mmx pentium i486 i386 i86"/>
  </properties>
  <testcase time="0.197" classname="com.bmc.util.io.impl.GenericFileHelperImplJunitTest" name="testCopyFile"/>
  <testcase time="0.225" classname="com.bmc.util.io.impl.GenericFileHelperImplJunitTest" name="testCopyDirectory"/>
  <testcase time="0.179" classname="com.bmc.util.io.impl.GenericFileHelperImplJunitTest" name="testCreateDirectory"/>
  <testcase time="0.17" classname="com.bmc.util.io.impl.GenericFileHelperImplJunitTest" name="testCreateFile"/>
  <testcase time="0.388" classname="com.bmc.util.io.impl.GenericFileHelperImplJunitTest" name="testRegexPattern"/>
  <testcase time="0.178" classname="com.bmc.util.io.impl.GenericFileHelperImplJunitTest" name="testExtractFolder"/>
  <testcase time="0.19" classname="com.bmc.util.io.impl.GenericFileHelperImplJunitTest" name="testDeleteFile"/>
  <testcase time="0.16" classname="com.bmc.util.io.impl.GenericFileHelperImplJunitTest" name="testGetParentDirectory"/>
</testsuite>